TN:
SF:src/config.ts
FN:7,(anonymous_0)
FN:11,(anonymous_1)
FN:15,(anonymous_2)
FN:31,(anonymous_3)
FNF:4
FNH:4
FNDA:7,(anonymous_0)
FNDA:7,(anonymous_1)
FNDA:4,(anonymous_2)
FNDA:9,(anonymous_3)
DA:3,2
DA:4,2
DA:5,2
DA:7,2
DA:8,7
DA:11,2
DA:12,7
DA:13,7
DA:15,4
DA:20,2
DA:31,2
DA:32,9
DA:34,9
DA:35,9
LF:14
LH:14
BRF:0
BRH:0
end_of_record
TN:
SF:src/migration.ts
FN:17,showMigrationToast
FN:27,migrateToMultiInstance
FN:107,checkMigrationNeeded
FNF:3
FNH:3
FNDA:9,showMigrationToast
FNDA:12,migrateToMultiInstance
FNDA:4,checkMigrationNeeded
DA:1,1
DA:2,1
DA:18,9
DA:19,9
DA:20,8
DA:22,1
DA:23,1
DA:27,1
DA:28,12
DA:30,12
DA:32,12
DA:33,12
DA:34,1
DA:38,11
DA:39,11
DA:40,6
DA:44,5
DA:45,1
DA:49,4
DA:55,4
DA:56,4
DA:58,1
DA:59,1
DA:64,1
DA:67,3
DA:69,3
DA:70,3
DA:71,3
DA:72,2
DA:75,1
DA:76,1
DA:77,1
DA:84,3
DA:86,2
DA:91,0
DA:94,2
DA:97,0
DA:98,0
DA:103,0
DA:107,1
DA:108,4
DA:109,4
DA:110,4
DA:111,3
DA:112,1
DA:115,2
DA:116,2
DA:117,1
DA:119,1
DA:120,1
DA:123,1
DA:124,1
LF:52
LH:48
BRDA:22,0,0,1
BRDA:22,0,1,0
BRDA:33,1,0,1
BRDA:39,2,0,6
BRDA:39,3,0,11
BRDA:39,3,1,5
BRDA:39,3,2,5
BRDA:44,4,0,1
BRDA:58,5,0,1
BRDA:58,5,1,0
BRDA:71,6,0,2
BRDA:76,7,0,1
BRDA:76,7,1,0
BRDA:84,8,0,1
BRDA:86,9,0,0
BRDA:97,10,0,0
BRDA:97,10,1,0
BRDA:111,11,0,1
BRDA:119,12,0,1
BRDA:119,12,1,0
BRDA:123,13,0,1
BRDA:123,13,1,0
BRF:22
BRH:14
end_of_record
TN:
SF:src/utils.ts
FN:3,(anonymous_0)
FN:4,(anonymous_1)
FN:7,(anonymous_2)
FN:11,(anonymous_3)
FN:28,(anonymous_4)
FN:39,(anonymous_5)
FN:42,(anonymous_6)
FN:56,(anonymous_7)
FN:67,(anonymous_8)
FNF:9
FNH:9
FNDA:13,(anonymous_0)
FNDA:10,(anonymous_1)
FNDA:8,(anonymous_2)
FNDA:9,(anonymous_3)
FNDA:9,(anonymous_4)
FNDA:15,(anonymous_5)
FNDA:12,(anonymous_6)
FNDA:11,(anonymous_7)
FNDA:5,(anonymous_8)
DA:3,1
DA:4,13
DA:7,1
DA:11,9
DA:12,8
DA:28,1
DA:34,9
DA:35,1
DA:38,8
DA:39,8
DA:40,15
DA:42,12
DA:44,15
DA:47,15
DA:50,15
DA:53,8
DA:56,1
DA:57,11
DA:58,11
DA:60,9
DA:67,1
DA:68,5
LF:22
LH:22
BRDA:11,0,0,8
BRDA:11,0,1,2
BRDA:19,1,0,7
BRDA:19,1,1,1
BRDA:20,2,0,3
BRDA:20,2,1,5
BRDA:34,3,0,1
BRDA:34,4,0,9
BRDA:34,4,1,2
BRDA:34,4,2,1
BRDA:40,5,0,15
BRDA:40,5,1,13
BRDA:40,5,2,5
BRDA:44,6,0,15
BRDA:44,6,1,4
BRDA:47,7,0,15
BRDA:47,7,1,4
BRDA:50,8,0,15
BRDA:50,8,1,10
BRDA:50,8,2,8
BRDA:58,9,0,2
BRF:21
BRH:21
end_of_record
